==156313== Memcheck, a memory error detector
==156313== Copyright (C) 2002-2017, and GNU GPL'd, by Julian Seward et al.
==156313== Using Valgrind-3.18.1-42b08ed5bd-20211015 and LibVEX; rerun with -h for copyright info
==156313== Command: ./push_swap 3 6 77
==156313== Parent PID: 114913
==156313== 
--156313-- 
--156313-- Valgrind options:
--156313--    --leak-check=full
--156313--    --show-leak-kinds=all
--156313--    --track-origins=yes
--156313--    --verbose
--156313--    --log-file=valgrind.log
--156313-- Contents of /proc/version:
--156313--   Linux version 5.15.0-122-generic (buildd@lcy02-amd64-034) (gcc (Ubuntu 11.4.0-1ubuntu1~22.04) 11.4.0, GNU ld (GNU Binutils for Ubuntu) 2.38) #132-Ubuntu SMP Thu Aug 29 13:45:52 UTC 2024
--156313-- 
--156313-- Arch and hwcaps: AMD64, LittleEndian, amd64-cx16-lzcnt-rdtscp-sse3-ssse3-avx-avx2-bmi-f16c-rdrand-rdseed
--156313-- Page sizes: currently 4096, max supported 4096
--156313-- Valgrind library directory: /usr/libexec/valgrind
--156313-- Reading syms from /home/pbret/Documents/push_swap_git/push_swap
--156313-- Reading syms from /usr/lib/x86_64-linux-gnu/ld-linux-x86-64.so.2
--156313--   Considering /usr/lib/debug/.build-id/41/86944c50f8a32b47d74931e3f512b811813b64.debug ..
--156313--   .. build-id is valid
--156313-- Reading syms from /usr/libexec/valgrind/memcheck-amd64-linux
--156313--    object doesn't have a symbol table
--156313--    object doesn't have a dynamic symbol table
--156313-- Scheduler: using generic scheduler lock implementation.
--156313-- Reading suppressions file: /usr/libexec/valgrind/default.supp
==156313== embedded gdbserver: reading from /tmp/vgdb-pipe-from-vgdb-to-156313-by-pbret-on-???
==156313== embedded gdbserver: writing to   /tmp/vgdb-pipe-to-vgdb-from-156313-by-pbret-on-???
==156313== embedded gdbserver: shared mem   /tmp/vgdb-pipe-shared-mem-vgdb-156313-by-pbret-on-???
==156313== 
==156313== TO CONTROL THIS PROCESS USING vgdb (which you probably
==156313== don't want to do, unless you know exactly what you're doing,
==156313== or are doing some strange experiment):
==156313==   /usr/bin/vgdb --pid=156313 ...command...
==156313== 
==156313== TO DEBUG THIS PROCESS USING GDB: start GDB like this
==156313==   /path/to/gdb ./push_swap
==156313== and then give GDB the following command
==156313==   target remote | /usr/bin/vgdb --pid=156313
==156313== --pid is optional if only one valgrind process is running
==156313== 
--156313-- REDIR: 0x402aa40 (ld-linux-x86-64.so.2:strlen) redirected to 0x580bcec2 (???)
--156313-- REDIR: 0x402a810 (ld-linux-x86-64.so.2:index) redirected to 0x580bcedc (???)
--156313-- Reading syms from /usr/libexec/valgrind/vgpreload_core-amd64-linux.so
--156313--    object doesn't have a symbol table
--156313-- Reading syms from /usr/libexec/valgrind/vgpreload_memcheck-amd64-linux.so
--156313--    object doesn't have a symbol table
==156313== WARNING: new redirection conflicts with existing -- ignoring it
--156313--     old: 0x0402aa40 (strlen              ) R-> (0000.0) 0x580bcec2 ???
--156313--     new: 0x0402aa40 (strlen              ) R-> (2007.0) 0x0484ee30 strlen
--156313-- REDIR: 0x4027220 (ld-linux-x86-64.so.2:strcmp) redirected to 0x484fcd0 (strcmp)
--156313-- REDIR: 0x402afa0 (ld-linux-x86-64.so.2:mempcpy) redirected to 0x4853840 (mempcpy)
--156313-- Reading syms from /usr/lib/x86_64-linux-gnu/libc.so.6
--156313--   Considering /usr/lib/debug/.build-id/49/0fef8403240c91833978d494d39e537409b92e.debug ..
--156313--   .. build-id is valid
==156313== WARNING: new redirection conflicts with existing -- ignoring it
--156313--     old: 0x04919c60 (memalign            ) R-> (1011.0) 0x0484e080 memalign
--156313--     new: 0x04919c60 (memalign            ) R-> (1017.0) 0x0484e050 aligned_alloc
==156313== WARNING: new redirection conflicts with existing -- ignoring it
--156313--     old: 0x04919c60 (memalign            ) R-> (1011.0) 0x0484e080 memalign
--156313--     new: 0x04919c60 (memalign            ) R-> (1017.0) 0x0484e020 aligned_alloc
==156313== WARNING: new redirection conflicts with existing -- ignoring it
--156313--     old: 0x04919c60 (memalign            ) R-> (1011.0) 0x0484e080 memalign
--156313--     new: 0x04919c60 (memalign            ) R-> (1017.0) 0x0484e050 aligned_alloc
==156313== WARNING: new redirection conflicts with existing -- ignoring it
--156313--     old: 0x04919c60 (memalign            ) R-> (1011.0) 0x0484e080 memalign
--156313--     new: 0x04919c60 (memalign            ) R-> (1017.0) 0x0484e020 aligned_alloc
--156313-- REDIR: 0x491c720 (libc.so.6:strnlen) redirected to 0x483f220 (_vgnU_ifunc_wrapper)
--156313-- REDIR: 0x491c9e0 (libc.so.6:strpbrk) redirected to 0x483f220 (_vgnU_ifunc_wrapper)
--156313-- REDIR: 0x491c2e0 (libc.so.6:strcmp) redirected to 0x483f220 (_vgnU_ifunc_wrapper)
--156313-- REDIR: 0x493acd0 (libc.so.6:wcsnlen) redirected to 0x483f220 (_vgnU_ifunc_wrapper)
--156313-- REDIR: 0x491d6d0 (libc.so.6:memset) redirected to 0x483f220 (_vgnU_ifunc_wrapper)
--156313-- REDIR: 0x4939540 (libc.so.6:wcslen) redirected to 0x483f220 (_vgnU_ifunc_wrapper)
--156313-- REDIR: 0x491dc10 (libc.so.6:memcpy@@GLIBC_2.14) redirected to 0x483f220 (_vgnU_ifunc_wrapper)
--156313-- REDIR: 0x4939370 (libc.so.6:wcschr) redirected to 0x483f220 (_vgnU_ifunc_wrapper)
--156313-- REDIR: 0x491c260 (libc.so.6:index) redirected to 0x483f220 (_vgnU_ifunc_wrapper)
--156313-- REDIR: 0x491c960 (libc.so.6:rindex) redirected to 0x483f220 (_vgnU_ifunc_wrapper)
--156313-- REDIR: 0x491d5a0 (libc.so.6:memmove) redirected to 0x483f220 (_vgnU_ifunc_wrapper)
==156313== Preferring higher priority redirection:
--156313--     old: 0x04a147c0 (__memcpy_avx_unalign) R-> (2018.0) 0x04850f90 __memcpy_avx_unaligned_erms
--156313--     new: 0x04a147c0 (__memcpy_avx_unalign) R-> (2018.1) 0x04852880 memmove
--156313-- REDIR: 0x49393f0 (libc.so.6:wcscmp) redirected to 0x483f220 (_vgnU_ifunc_wrapper)
--156313-- REDIR: 0x491d9e0 (libc.so.6:stpncpy) redirected to 0x483f220 (_vgnU_ifunc_wrapper)
--156313-- REDIR: 0x49399b0 (libc.so.6:wmemchr) redirected to 0x483f220 (_vgnU_ifunc_wrapper)
--156313-- REDIR: 0x491c830 (libc.so.6:strncmp) redirected to 0x483f220 (_vgnU_ifunc_wrapper)
--156313-- REDIR: 0x491da70 (libc.so.6:strcasecmp) redirected to 0x483f220 (_vgnU_ifunc_wrapper)
--156313-- REDIR: 0x491c420 (libc.so.6:strcspn) redirected to 0x483f220 (_vgnU_ifunc_wrapper)
--156313-- REDIR: 0x4939470 (libc.so.6:wcscpy) redirected to 0x483f220 (_vgnU_ifunc_wrapper)
--156313-- REDIR: 0x491c1d0 (libc.so.6:strcat) redirected to 0x483f220 (_vgnU_ifunc_wrapper)
--156313-- REDIR: 0x491db60 (libc.so.6:strncasecmp_l) redirected to 0x483f220 (_vgnU_ifunc_wrapper)
--156313-- REDIR: 0x491d480 (libc.so.6:bcmp) redirected to 0x483f220 (_vgnU_ifunc_wrapper)
--156313-- REDIR: 0x4925570 (libc.so.6:memrchr) redirected to 0x483f220 (_vgnU_ifunc_wrapper)
--156313-- REDIR: 0x491f010 (libc.so.6:strchrnul) redirected to 0x483f220 (_vgnU_ifunc_wrapper)
--156313-- REDIR: 0x491c390 (libc.so.6:strcpy) redirected to 0x483f220 (_vgnU_ifunc_wrapper)
--156313-- REDIR: 0x491db10 (libc.so.6:strcasecmp_l) redirected to 0x483f220 (_vgnU_ifunc_wrapper)
--156313-- REDIR: 0x491c6a0 (libc.so.6:strlen) redirected to 0x483f220 (_vgnU_ifunc_wrapper)
--156313-- REDIR: 0x491c8d0 (libc.so.6:strncpy) redirected to 0x483f220 (_vgnU_ifunc_wrapper)
--156313-- REDIR: 0x491d950 (libc.so.6:stpcpy) redirected to 0x483f220 (_vgnU_ifunc_wrapper)
--156313-- REDIR: 0x491d3f0 (libc.so.6:memchr) redirected to 0x483f220 (_vgnU_ifunc_wrapper)
--156313-- REDIR: 0x491cb00 (libc.so.6:strspn) redirected to 0x483f220 (_vgnU_ifunc_wrapper)
--156313-- REDIR: 0x491d7d0 (libc.so.6:mempcpy) redirected to 0x483f220 (_vgnU_ifunc_wrapper)
--156313-- REDIR: 0x491dac0 (libc.so.6:strncasecmp) redirected to 0x483f220 (_vgnU_ifunc_wrapper)
--156313-- REDIR: 0x491ef80 (libc.so.6:rawmemchr) redirected to 0x483f220 (_vgnU_ifunc_wrapper)
--156313-- REDIR: 0x4a11610 (libc.so.6:__strrchr_avx2) redirected to 0x484e810 (rindex)
--156313-- REDIR: 0x49190a0 (libc.so.6:malloc) redirected to 0x4848820 (malloc)
--156313-- REDIR: 0x49193e0 (libc.so.6:free) redirected to 0x484b210 (free)
==156313== 
==156313== HEAP SUMMARY:
==156313==     in use at exit: 39 bytes in 4 blocks
==156313==   total heap usage: 4 allocs, 0 frees, 39 bytes allocated
==156313== 
==156313== Searching for pointers to 4 not-freed blocks
==156313== Checked 107,184 bytes
==156313== 
==156313== 7 bytes in 3 blocks are indirectly lost in loss record 1 of 2
==156313==    at 0x4848899: malloc (in /usr/libexec/valgrind/vgpreload_memcheck-amd64-linux.so)
==156313==    by 0x401844: ft_strdup (in /home/pbret/Documents/push_swap_git/push_swap)
==156313==    by 0x401266: ft_management_av (parsing.c:30)
==156313==    by 0x401171: main (main.c:23)
==156313== 
==156313== 39 (32 direct, 7 indirect) bytes in 1 blocks are definitely lost in loss record 2 of 2
==156313==    at 0x4848899: malloc (in /usr/libexec/valgrind/vgpreload_memcheck-amd64-linux.so)
==156313==    by 0x401215: ft_management_av (parsing.c:24)
==156313==    by 0x401171: main (main.c:23)
==156313== 
==156313== LEAK SUMMARY:
==156313==    definitely lost: 32 bytes in 1 blocks
==156313==    indirectly lost: 7 bytes in 3 blocks
==156313==      possibly lost: 0 bytes in 0 blocks
==156313==    still reachable: 0 bytes in 0 blocks
==156313==         suppressed: 0 bytes in 0 blocks
==156313== 
==156313== ERROR SUMMARY: 1 errors from 1 contexts (suppressed: 0 from 0)
